<?xml version="1.0" encoding="UTF-8"?>
<!-- Generated by org.testng.reporters.JUnitReportReporter -->
<testsuite hostname="DESKTOP-9NAQJ43" failures="0" tests="6" name="tests.TS_CourseSearch" time="16.373" errors="0" timestamp="2020-10-26T18:01:57 IST" skipped="0">
  <testcase classname="tests.TS_CourseSearch" name="TC_SearchTextBox" time="1.080"/>
  <testcase classname="tests.TS_CourseSearch" name="TC_SearchButtonClickable" time="0.753"/>
  <testcase classname="tests.TS_CourseSearch" name="TC_FilterLanguage" time="5.011"/>
  <testcase classname="tests.TS_CourseSearch" name="TC_FilterLevel" time="0.715"/>
  <testcase classname="tests.TS_CourseSearch" name="TC_CourseAvailability" time="0.434"/>
  <testcase classname="tests.TS_CourseSearch" name="TC_CourseDuration" time="8.380"/>
</testsuite> <!-- tests.TS_CourseSearch -->
