<?xml version="1.0" encoding="UTF-8"?>
<!-- Generated by org.testng.reporters.JUnitReportReporter -->
<testsuite hostname="DESKTOP-9NAQJ43" failures="0" tests="1" name="tests.TS_FormFillupValid" time="17.669" errors="0" timestamp="2020-10-26T18:01:57 IST" skipped="0">
  <testcase classname="tests.TS_FormFillupValid" name="TC_validData" time="17.669"/>
</testsuite> <!-- tests.TS_FormFillupValid -->
