<?xml version="1.0" encoding="UTF-8"?>
<!-- Generated by org.testng.reporters.JUnitReportReporter -->
<testsuite skipped="0" hostname="DESKTOP-BVHNE8J" name="tests.TS_FormFillupInvalid" tests="16" failures="0" timestamp="2020-10-27T10:48:00 IST" time="296.907" errors="0">
  <testcase name="TC_InvalidEmail" time="88.628" classname="tests.TS_FormFillupInvalid"/>
  <testcase name="TC_noData1" time="15.040" classname="tests.TS_FormFillupInvalid"/>
  <testcase name="TC_wrongData" time="12.822" classname="tests.TS_FormFillupInvalid"/>
  <testcase name="TC_noData2" time="18.298" classname="tests.TS_FormFillupInvalid"/>
  <testcase name="TC_noData3" time="12.520" classname="tests.TS_FormFillupInvalid"/>
  <testcase name="TC_noData4" time="17.700" classname="tests.TS_FormFillupInvalid"/>
  <testcase name="TC_noData5" time="12.932" classname="tests.TS_FormFillupInvalid"/>
  <testcase name="TC_noData6" time="16.949" classname="tests.TS_FormFillupInvalid"/>
  <testcase name="TC_noData7" time="12.534" classname="tests.TS_FormFillupInvalid"/>
  <testcase name="TC_noData8" time="18.436" classname="tests.TS_FormFillupInvalid"/>
  <testcase name="TC_noData9" time="10.404" classname="tests.TS_FormFillupInvalid"/>
  <testcase name="TC_noData10" time="12.215" classname="tests.TS_FormFillupInvalid"/>
  <testcase name="TC_noData11" time="23.783" classname="tests.TS_FormFillupInvalid"/>
  <testcase name="TC_noData12" time="10.014" classname="tests.TS_FormFillupInvalid"/>
  <testcase name="TC_noData13" time="10.645" classname="tests.TS_FormFillupInvalid"/>
  <testcase name="TC_click1" time="3.987" classname="tests.TS_FormFillupInvalid"/>
</testsuite> <!-- tests.TS_FormFillupInvalid -->
