<?xml version="1.0" encoding="UTF-8"?>
<!-- Generated by org.testng.reporters.JUnitReportReporter -->
<testsuite hostname="DESKTOP-9NAQJ43" failures="0" tests="4" name="tests.TS_Filter" time="9.930" errors="0" timestamp="2020-10-26T18:01:57 IST" skipped="0">
  <testcase classname="tests.TS_Filter" name="languagesDisplayed" time="8.422"/>
  <testcase classname="tests.TS_Filter" name="extractLanguageDetails" time="1.303"/>
  <testcase classname="tests.TS_Filter" name="levelsDisplayed" time="0.085"/>
  <testcase classname="tests.TS_Filter" name="extractLevelsDetails" time="0.120"/>
</testsuite> <!-- tests.TS_Filter -->
