<?xml version="1.0" encoding="UTF-8"?>
<!-- Generated by org.testng.reporters.JUnitReportReporter -->
<testsuite hostname="ResJammer" failures="0" tests="16" name="tests.TS_FormFillupInvalid" time="211.936" errors="0" timestamp="2020-10-27T11:24:46 IST" skipped="0">
  <testcase classname="tests.TS_FormFillupInvalid" name="TC_InvalidEmail" time="27.859"/>
  <testcase classname="tests.TS_FormFillupInvalid" name="TC_noData1" time="12.735"/>
  <testcase classname="tests.TS_FormFillupInvalid" name="TC_wrongData" time="12.815"/>
  <testcase classname="tests.TS_FormFillupInvalid" name="TC_noData2" time="12.909"/>
  <testcase classname="tests.TS_FormFillupInvalid" name="TC_noData3" time="14.092"/>
  <testcase classname="tests.TS_FormFillupInvalid" name="TC_noData4" time="12.541"/>
  <testcase classname="tests.TS_FormFillupInvalid" name="TC_noData5" time="12.192"/>
  <testcase classname="tests.TS_FormFillupInvalid" name="TC_noData6" time="13.434"/>
  <testcase classname="tests.TS_FormFillupInvalid" name="TC_noData7" time="13.200"/>
  <testcase classname="tests.TS_FormFillupInvalid" name="TC_noData8" time="12.437"/>
  <testcase classname="tests.TS_FormFillupInvalid" name="TC_noData9" time="12.234"/>
  <testcase classname="tests.TS_FormFillupInvalid" name="TC_noData10" time="12.432"/>
  <testcase classname="tests.TS_FormFillupInvalid" name="TC_noData11" time="12.214"/>
  <testcase classname="tests.TS_FormFillupInvalid" name="TC_noData12" time="12.377"/>
  <testcase classname="tests.TS_FormFillupInvalid" name="TC_noData13" time="12.617"/>
  <testcase classname="tests.TS_FormFillupInvalid" name="TC_click1" time="5.848"/>
</testsuite> <!-- tests.TS_FormFillupInvalid -->
