<?xml version="1.0" encoding="UTF-8"?>
<!-- Generated by org.testng.reporters.JUnitReportReporter -->
<testsuite hostname="ResJammer" failures="0" tests="4" name="tests.TS_Filter" time="12.925" errors="0" timestamp="2020-10-27T11:24:46 IST" skipped="0">
  <testcase classname="tests.TS_Filter" name="languagesDisplayed" time="10.060"/>
  <testcase classname="tests.TS_Filter" name="extractLanguageDetails" time="1.898"/>
  <testcase classname="tests.TS_Filter" name="levelsDisplayed" time="0.790"/>
  <testcase classname="tests.TS_Filter" name="extractLevelsDetails" time="0.177"/>
</testsuite> <!-- tests.TS_Filter -->
