<?xml version="1.0" encoding="UTF-8"?>
<!-- Generated by org.testng.reporters.JUnitReportReporter -->
<testsuite hostname="ResJammer" failures="0" tests="6" name="tests.TS_CourseSearch" time="15.957" errors="0" timestamp="2020-10-27T11:24:46 IST" skipped="0">
  <testcase classname="tests.TS_CourseSearch" name="TC_SearchTextBox" time="0.966"/>
  <testcase classname="tests.TS_CourseSearch" name="TC_SearchButtonClickable" time="3.195"/>
  <testcase classname="tests.TS_CourseSearch" name="TC_FilterLanguage" time="4.412"/>
  <testcase classname="tests.TS_CourseSearch" name="TC_FilterLevel" time="2.047"/>
  <testcase classname="tests.TS_CourseSearch" name="TC_CourseAvailability" time="0.164"/>
  <testcase classname="tests.TS_CourseSearch" name="TC_CourseDuration" time="5.173"/>
</testsuite> <!-- tests.TS_CourseSearch -->
